<?xml version="1.0" encoding="UTF-8"?>
<coverage generated="1632505347">
  <project timestamp="1632505347">
    <file name="/app/src/StandardSearchUtility.php">
      <class name="arslanimamutdinov\ISOStandardUtilities\StandardSearchUtility" namespace="global">
        <metrics complexity="26" methods="18" coveredmethods="18" conditionals="0" coveredconditionals="0" statements="33" coveredstatements="33" elements="51" coveredelements="51"/>
      </class>
      <line num="13" type="method" name="getAllNames" visibility="public" complexity="1" crap="1" count="4"/>
      <line num="15" type="stmt" count="4"/>
      <line num="22" type="method" name="getAllNumericCodes" visibility="public" complexity="1" crap="1" count="4"/>
      <line num="24" type="stmt" count="4"/>
      <line num="31" type="method" name="getAllAlpha3" visibility="public" complexity="1" crap="1" count="4"/>
      <line num="33" type="stmt" count="4"/>
      <line num="40" type="method" name="getAllAlpha2" visibility="public" complexity="1" crap="1" count="4"/>
      <line num="42" type="stmt" count="4"/>
      <line num="50" type="method" name="getAllAttributesByCode" visibility="public" complexity="4" crap="4" count="25"/>
      <line num="52" type="stmt" count="25"/>
      <line num="54" type="stmt" count="25"/>
      <line num="55" type="stmt" count="20"/>
      <line num="56" type="stmt" count="13"/>
      <line num="60" type="stmt" count="25"/>
      <line num="68" type="method" name="getAllByAlpha2Values" visibility="public" complexity="1" crap="1" count="11"/>
      <line num="70" type="stmt" count="11"/>
      <line num="78" type="method" name="getAllByAlpha3Values" visibility="public" complexity="1" crap="1" count="11"/>
      <line num="80" type="stmt" count="11"/>
      <line num="88" type="method" name="getAllByNumericCodeValues" visibility="public" complexity="1" crap="1" count="11"/>
      <line num="90" type="stmt" count="11"/>
      <line num="98" type="method" name="getAllByNameValues" visibility="public" complexity="1" crap="1" count="11"/>
      <line num="100" type="stmt" count="11"/>
      <line num="109" type="method" name="getAllByAttributeCodeValues" visibility="public" complexity="2" crap="2" count="57"/>
      <line num="114" type="stmt" count="57"/>
      <line num="115" type="stmt" count="57"/>
      <line num="116" type="stmt" count="57"/>
      <line num="117" type="stmt" count="57"/>
      <line num="118" type="stmt" count="50"/>
      <line num="119" type="stmt" count="57"/>
      <line num="124" type="method" name="getByAlpha2" visibility="public" complexity="1" crap="1" count="6"/>
      <line num="126" type="stmt" count="6"/>
      <line num="129" type="method" name="getByAlpha3" visibility="public" complexity="1" crap="1" count="6"/>
      <line num="131" type="stmt" count="6"/>
      <line num="134" type="method" name="getByNumericCode" visibility="public" complexity="1" crap="1" count="7"/>
      <line num="136" type="stmt" count="7"/>
      <line num="137" type="stmt" count="7"/>
      <line num="138" type="stmt" count="7"/>
      <line num="143" type="method" name="getStandardsDataByAttributeCode" visibility="public" complexity="4" crap="4" count="28"/>
      <line num="148" type="stmt" count="28"/>
      <line num="149" type="stmt" count="24"/>
      <line num="151" type="stmt" count="24"/>
      <line num="152" type="stmt" count="7"/>
      <line num="156" type="stmt" count="21"/>
      <line num="159" type="method" name="existByAlpha2" visibility="public" complexity="1" crap="1" count="6"/>
      <line num="161" type="stmt" count="6"/>
      <line num="164" type="method" name="existByAlpha3" visibility="public" complexity="1" crap="1" count="7"/>
      <line num="166" type="stmt" count="7"/>
      <line num="169" type="method" name="existByNumericCode" visibility="public" complexity="1" crap="1" count="7"/>
      <line num="171" type="stmt" count="7"/>
      <line num="174" type="method" name="existByAttributeCode" visibility="public" complexity="2" crap="2" count="29"/>
      <line num="179" type="stmt" count="29"/>
      <metrics loc="181" ncloc="134" classes="1" methods="18" coveredmethods="18" conditionals="0" coveredconditionals="0" statements="33" coveredstatements="33" elements="51" coveredelements="51"/>
    </file>
    <file name="/app/src/StandardSearchUtilityService.php">
      <class name="arslanimamutdinov\ISOStandardUtilities\StandardSearchUtilityService" namespace="global">
        <metrics complexity="18" methods="18" coveredmethods="18" conditionals="0" coveredconditionals="0" statements="23" coveredstatements="23" elements="41" coveredelements="41"/>
      </class>
      <line num="7" type="method" name="getAllNames" visibility="public" complexity="1" crap="1" count="4"/>
      <line num="9" type="stmt" count="4"/>
      <line num="12" type="method" name="getAllNumericCodes" visibility="public" complexity="1" crap="1" count="4"/>
      <line num="14" type="stmt" count="4"/>
      <line num="17" type="method" name="getAllAlpha3" visibility="public" complexity="1" crap="1" count="4"/>
      <line num="19" type="stmt" count="4"/>
      <line num="22" type="method" name="getAllAlpha2" visibility="public" complexity="1" crap="1" count="4"/>
      <line num="24" type="stmt" count="4"/>
      <line num="27" type="method" name="getAllAttributesByCode" visibility="public" complexity="1" crap="1" count="9"/>
      <line num="29" type="stmt" count="9"/>
      <line num="37" type="method" name="getAllByAlpha2Values" visibility="public" complexity="1" crap="1" count="11"/>
      <line num="39" type="stmt" count="11"/>
      <line num="47" type="method" name="getAllByAlpha3Values" visibility="public" complexity="1" crap="1" count="11"/>
      <line num="49" type="stmt" count="11"/>
      <line num="57" type="method" name="getAllByNumericCodeValues" visibility="public" complexity="1" crap="1" count="11"/>
      <line num="59" type="stmt" count="11"/>
      <line num="67" type="method" name="getAllByNameValues" visibility="public" complexity="1" crap="1" count="11"/>
      <line num="69" type="stmt" count="11"/>
      <line num="78" type="method" name="getAllByAttributeCodeValues" visibility="public" complexity="1" crap="1" count="13"/>
      <line num="83" type="stmt" count="13"/>
      <line num="86" type="method" name="getByAlpha2" visibility="public" complexity="1" crap="1" count="6"/>
      <line num="88" type="stmt" count="6"/>
      <line num="91" type="method" name="getByAlpha3" visibility="public" complexity="1" crap="1" count="6"/>
      <line num="93" type="stmt" count="6"/>
      <line num="96" type="method" name="getByNumericCode" visibility="public" complexity="1" crap="1" count="7"/>
      <line num="98" type="stmt" count="7"/>
      <line num="101" type="method" name="getStandardsDataByAttributeCode" visibility="public" complexity="1" crap="1" count="9"/>
      <line num="106" type="stmt" count="9"/>
      <line num="107" type="stmt" count="9"/>
      <line num="113" type="method" name="existByAlpha2" visibility="public" complexity="1" crap="1" count="6"/>
      <line num="115" type="stmt" count="6"/>
      <line num="116" type="stmt" count="6"/>
      <line num="121" type="method" name="existByAlpha3" visibility="public" complexity="1" crap="1" count="7"/>
      <line num="123" type="stmt" count="7"/>
      <line num="124" type="stmt" count="7"/>
      <line num="129" type="method" name="existByNumericCode" visibility="public" complexity="1" crap="1" count="7"/>
      <line num="131" type="stmt" count="7"/>
      <line num="132" type="stmt" count="7"/>
      <line num="137" type="method" name="existByAttributeCode" visibility="public" complexity="1" crap="1" count="9"/>
      <line num="142" type="stmt" count="9"/>
      <line num="143" type="stmt" count="9"/>
      <metrics loc="148" ncloc="122" classes="1" methods="18" coveredmethods="18" conditionals="0" coveredconditionals="0" statements="23" coveredstatements="23" elements="41" coveredelements="41"/>
    </file>
    <metrics files="2" loc="329" ncloc="256" classes="2" methods="36" coveredmethods="36" conditionals="0" coveredconditionals="0" statements="56" coveredstatements="56" elements="92" coveredelements="92"/>
  </project>
</coverage>
