<?xml version="1.0" encoding="UTF-8"?>
<coverage generated="1632348463">
  <project timestamp="1632348463">
    <file name="/app/src/StandardSearchUtility.php">
      <class name="arslanimamutdinov\ISOStandardUtilities\StandardSearchUtility" namespace="global">
        <metrics complexity="24" methods="16" coveredmethods="16" conditionals="0" coveredconditionals="0" statements="31" coveredstatements="31" elements="47" coveredelements="47"/>
      </class>
      <line num="13" type="method" name="getAllNames" visibility="public" complexity="1" crap="1" count="4"/>
      <line num="15" type="stmt" count="4"/>
      <line num="22" type="method" name="getAllNumericCodes" visibility="public" complexity="1" crap="1" count="4"/>
      <line num="24" type="stmt" count="4"/>
      <line num="31" type="method" name="getAllAlpha3" visibility="public" complexity="1" crap="1" count="4"/>
      <line num="33" type="stmt" count="4"/>
      <line num="40" type="method" name="getAllAlpha2" visibility="public" complexity="1" crap="1" count="4"/>
      <line num="42" type="stmt" count="4"/>
      <line num="50" type="method" name="getAllAttributesByCode" visibility="public" complexity="4" crap="4" count="25"/>
      <line num="52" type="stmt" count="25"/>
      <line num="54" type="stmt" count="25"/>
      <line num="55" type="stmt" count="20"/>
      <line num="56" type="stmt" count="13"/>
      <line num="60" type="stmt" count="25"/>
      <line num="68" type="method" name="getAllByAlpha2Values" visibility="public" complexity="1" crap="1" count="11"/>
      <line num="70" type="stmt" count="11"/>
      <line num="78" type="method" name="getAllByAlpha3Values" visibility="public" complexity="1" crap="1" count="11"/>
      <line num="80" type="stmt" count="11"/>
      <line num="89" type="method" name="getAllByAttributeCodeValues" visibility="public" complexity="2" crap="2" count="35"/>
      <line num="94" type="stmt" count="35"/>
      <line num="95" type="stmt" count="35"/>
      <line num="96" type="stmt" count="35"/>
      <line num="97" type="stmt" count="35"/>
      <line num="98" type="stmt" count="30"/>
      <line num="99" type="stmt" count="35"/>
      <line num="104" type="method" name="getByAlpha2" visibility="public" complexity="1" crap="1" count="6"/>
      <line num="106" type="stmt" count="6"/>
      <line num="109" type="method" name="getByAlpha3" visibility="public" complexity="1" crap="1" count="6"/>
      <line num="111" type="stmt" count="6"/>
      <line num="114" type="method" name="getByNumericCode" visibility="public" complexity="1" crap="1" count="7"/>
      <line num="116" type="stmt" count="7"/>
      <line num="117" type="stmt" count="7"/>
      <line num="118" type="stmt" count="7"/>
      <line num="123" type="method" name="getStandardsDataByAttributeCode" visibility="public" complexity="4" crap="4" count="28"/>
      <line num="128" type="stmt" count="28"/>
      <line num="129" type="stmt" count="24"/>
      <line num="131" type="stmt" count="24"/>
      <line num="132" type="stmt" count="7"/>
      <line num="136" type="stmt" count="21"/>
      <line num="139" type="method" name="existByAlpha2" visibility="public" complexity="1" crap="1" count="6"/>
      <line num="141" type="stmt" count="6"/>
      <line num="144" type="method" name="existByAlpha3" visibility="public" complexity="1" crap="1" count="7"/>
      <line num="146" type="stmt" count="7"/>
      <line num="149" type="method" name="existByNumericCode" visibility="public" complexity="1" crap="1" count="7"/>
      <line num="151" type="stmt" count="7"/>
      <line num="154" type="method" name="existByAttributeCode" visibility="public" complexity="2" crap="2" count="29"/>
      <line num="159" type="stmt" count="29"/>
      <metrics loc="161" ncloc="124" classes="1" methods="16" coveredmethods="16" conditionals="0" coveredconditionals="0" statements="31" coveredstatements="31" elements="47" coveredelements="47"/>
    </file>
    <file name="/app/src/StandardSearchUtilityService.php">
      <class name="arslanimamutdinov\ISOStandardUtilities\StandardSearchUtilityService" namespace="global">
        <metrics complexity="16" methods="16" coveredmethods="16" conditionals="0" coveredconditionals="0" statements="21" coveredstatements="21" elements="37" coveredelements="37"/>
      </class>
      <line num="7" type="method" name="getAllNames" visibility="public" complexity="1" crap="1" count="4"/>
      <line num="9" type="stmt" count="4"/>
      <line num="12" type="method" name="getAllNumericCodes" visibility="public" complexity="1" crap="1" count="4"/>
      <line num="14" type="stmt" count="4"/>
      <line num="17" type="method" name="getAllAlpha3" visibility="public" complexity="1" crap="1" count="4"/>
      <line num="19" type="stmt" count="4"/>
      <line num="22" type="method" name="getAllAlpha2" visibility="public" complexity="1" crap="1" count="4"/>
      <line num="24" type="stmt" count="4"/>
      <line num="27" type="method" name="getAllAttributesByCode" visibility="public" complexity="1" crap="1" count="9"/>
      <line num="29" type="stmt" count="9"/>
      <line num="37" type="method" name="getAllByAlpha2Values" visibility="public" complexity="1" crap="1" count="11"/>
      <line num="39" type="stmt" count="11"/>
      <line num="42" type="method" name="getAllByAlpha3Values" visibility="public" complexity="1" crap="1" count="11"/>
      <line num="44" type="stmt" count="11"/>
      <line num="53" type="method" name="getAllByAttributeCodeValues" visibility="public" complexity="1" crap="1" count="13"/>
      <line num="58" type="stmt" count="13"/>
      <line num="61" type="method" name="getByAlpha2" visibility="public" complexity="1" crap="1" count="6"/>
      <line num="63" type="stmt" count="6"/>
      <line num="66" type="method" name="getByAlpha3" visibility="public" complexity="1" crap="1" count="6"/>
      <line num="68" type="stmt" count="6"/>
      <line num="71" type="method" name="getByNumericCode" visibility="public" complexity="1" crap="1" count="7"/>
      <line num="73" type="stmt" count="7"/>
      <line num="76" type="method" name="getStandardsDataByAttributeCode" visibility="public" complexity="1" crap="1" count="9"/>
      <line num="81" type="stmt" count="9"/>
      <line num="82" type="stmt" count="9"/>
      <line num="88" type="method" name="existByAlpha2" visibility="public" complexity="1" crap="1" count="6"/>
      <line num="90" type="stmt" count="6"/>
      <line num="91" type="stmt" count="6"/>
      <line num="96" type="method" name="existByAlpha3" visibility="public" complexity="1" crap="1" count="7"/>
      <line num="98" type="stmt" count="7"/>
      <line num="99" type="stmt" count="7"/>
      <line num="104" type="method" name="existByNumericCode" visibility="public" complexity="1" crap="1" count="7"/>
      <line num="106" type="stmt" count="7"/>
      <line num="107" type="stmt" count="7"/>
      <line num="112" type="method" name="existByAttributeCode" visibility="public" complexity="1" crap="1" count="9"/>
      <line num="117" type="stmt" count="9"/>
      <line num="118" type="stmt" count="9"/>
      <metrics loc="123" ncloc="112" classes="1" methods="16" coveredmethods="16" conditionals="0" coveredconditionals="0" statements="21" coveredstatements="21" elements="37" coveredelements="37"/>
    </file>
    <metrics files="2" loc="284" ncloc="236" classes="2" methods="32" coveredmethods="32" conditionals="0" coveredconditionals="0" statements="52" coveredstatements="52" elements="84" coveredelements="84"/>
  </project>
</coverage>
